Using pre-set license
Built from '2020.3/staging' branch; Version is '2020.3.19f1 (68f137dc9bbe) revision 6877495'; Using compiler version '192528614'; Build Type 'Release'
OS: 'Windows 10 Pro; OS build 19041.1237; Version 2004; 64bit' Language: 'tr' Physical Memory: 32615 MB
BatchMode: 1, IsHumanControllingUs: 0, StartBugReporterOnCrash: 0, Is64bit: 1, IsPro: 0

COMMAND LINE ARGUMENTS:
C:\Program Files\Unity\Hub\Editor\2020.3.19f1\Editor\Unity.exe
-adb2
-batchMode
-noUpm
-name
AssetImportWorker0
-projectPath
C:/Users/Samet/Desktop/WorkProjects/Unity/WebDemo/TableOrganization
-logFile
Logs/AssetImportWorker0.log
-srvPort
51442
Successfully changed project path to: C:/Users/Samet/Desktop/WorkProjects/Unity/WebDemo/TableOrganization
C:/Users/Samet/Desktop/WorkProjects/Unity/WebDemo/TableOrganization
Using Asset Import Pipeline V2.
Unable to join player connection multicast group.
Refreshing native plugins compatible for Editor in 27.68 ms, found 2 plugins.
Preloading 0 native plugins for Editor in 0.00 ms.
Initialize engine version: 2020.3.19f1 (68f137dc9bbe)
[Subsystems] Discovering subsystems at path C:/Program Files/Unity/Hub/Editor/2020.3.19f1/Editor/Data/Resources/UnitySubsystems
[Subsystems] Discovering subsystems at path C:/Users/Samet/Desktop/WorkProjects/Unity/WebDemo/TableOrganization/Assets
GfxDevice: creating device client; threaded=0
Direct3D:
    Version:  Direct3D 11.0 [level 11.1]
    Renderer: NVIDIA GeForce RTX 2070 with Max-Q Design (ID=0x1f10)
    Vendor:   
    VRAM:     8031 MB
    Driver:   27.21.14.5751
Initialize mono
Mono path[0] = 'C:/Program Files/Unity/Hub/Editor/2020.3.19f1/Editor/Data/Managed'
Mono path[1] = 'C:/Program Files/Unity/Hub/Editor/2020.3.19f1/Editor/Data/MonoBleedingEdge/lib/mono/unityjit'
Mono config path = 'C:/Program Files/Unity/Hub/Editor/2020.3.19f1/Editor/Data/MonoBleedingEdge/etc'
Using monoOptions --debugger-agent=transport=dt_socket,embedding=1,server=y,suspend=n,address=127.0.0.1:56712
Begin MonoManager ReloadAssembly
Registering precompiled unity dll's ...
Register platform support module: C:/Program Files/Unity/Hub/Editor/2020.3.19f1/Editor/Data/PlaybackEngines/WindowsStandaloneSupport/UnityEditor.WindowsStandalone.Extensions.dll
Registered in 0.002075 seconds.
Native extension for WindowsStandalone target not found
Refreshing native plugins compatible for Editor in 26.27 ms, found 2 plugins.
Preloading 0 native plugins for Editor in 0.00 ms.
Mono: successfully reloaded assembly
- Completed reload, in  1.787 seconds
Domain Reload Profiling:
	ReloadAssembly (1788ms)
		BeginReloadAssembly (52ms)
			ExecutionOrderSort (0ms)
			DisableScriptedObjects (0ms)
			BackupInstance (0ms)
			ReleaseScriptingObjects (0ms)
			CreateAndSetChildDomain (1ms)
		EndReloadAssembly (383ms)
			LoadAssemblies (49ms)
			RebuildTransferFunctionScriptingTraits (0ms)
			SetupTypeCache (138ms)
			ReleaseScriptCaches (0ms)
			RebuildScriptCaches (29ms)
			SetupLoadedEditorAssemblies (141ms)
				LogAssemblyErrors (0ms)
				InitializePlatformSupportModulesInManaged (3ms)
				SetLoadedEditorAssemblies (0ms)
				RefreshPlugins (26ms)
				BeforeProcessingInitializeOnLoad (15ms)
				ProcessInitializeOnLoadAttributes (70ms)
				ProcessInitializeOnLoadMethodAttributes (26ms)
				AfterProcessingInitializeOnLoad (0ms)
				EditorAssembliesLoaded (0ms)
			ExecutionOrderSort2 (0ms)
			AwakeInstancesAfterBackupRestoration (0ms)
Platform modules already initialized, skipping
Registering precompiled user dll's ...
Registered in 0.003477 seconds.
Begin MonoManager ReloadAssembly
Native extension for WindowsStandalone target not found
Refreshing native plugins compatible for Editor in 0.27 ms, found 2 plugins.
Preloading 0 native plugins for Editor in 0.00 ms.
Mono: successfully reloaded assembly
- Completed reload, in  0.939 seconds
Domain Reload Profiling:
	ReloadAssembly (940ms)
		BeginReloadAssembly (134ms)
			ExecutionOrderSort (0ms)
			DisableScriptedObjects (4ms)
			BackupInstance (0ms)
			ReleaseScriptingObjects (0ms)
			CreateAndSetChildDomain (17ms)
		EndReloadAssembly (750ms)
			LoadAssemblies (81ms)
			RebuildTransferFunctionScriptingTraits (0ms)
			SetupTypeCache (257ms)
			ReleaseScriptCaches (0ms)
			RebuildScriptCaches (42ms)
			SetupLoadedEditorAssemblies (284ms)
				LogAssemblyErrors (0ms)
				InitializePlatformSupportModulesInManaged (5ms)
				SetLoadedEditorAssemblies (0ms)
				RefreshPlugins (0ms)
				BeforeProcessingInitializeOnLoad (70ms)
				ProcessInitializeOnLoadAttributes (196ms)
				ProcessInitializeOnLoadMethodAttributes (4ms)
				AfterProcessingInitializeOnLoad (9ms)
				EditorAssembliesLoaded (0ms)
			ExecutionOrderSort2 (0ms)
			AwakeInstancesAfterBackupRestoration (6ms)
Platform modules already initialized, skipping
========================================================================
Worker process is ready to serve import requests
Launched and connected shader compiler UnityShaderCompiler.exe after 0.08 seconds
Refreshing native plugins compatible for Editor in 0.28 ms, found 2 plugins.
Preloading 0 native plugins for Editor in 0.00 ms.
Unloading 1429 Unused Serialized files (Serialized files now loaded: 0)
System memory in use before: 65.9 MB.
System memory in use after: 66.0 MB.

Unloading 17 unused Assets to reduce memory usage. Loaded Objects now: 1864.
Total: 2.554300 ms (FindLiveObjects: 0.117300 ms CreateObjectMapping: 0.036300 ms MarkObjects: 2.344100 ms  DeleteObjects: 0.055600 ms)

AssetImportParameters requested are different than current active one (requested -> active):
  custom:framework-win-MediaFoundation: 216162199b28c13a410421893ffa2e32 -> 
  custom:video-decoder-ogg-theora: a1e56fd34408186e4bbccfd4996cb3dc -> 
  custom:container-muxer-webm: aa71ff27fc2769a1b78a27578f13a17b -> 
  custom:container-demuxer-webm: 4f35f7cbe854078d1ac9338744f61a02 -> 
  custom:container-demuxer-ogg: 62fdf1f143b41e24485cea50d1cbac27 -> 
  custom:video-encoder-webm-vp8: eb34c28f22e8b96e1ab97ce403110664 -> 
  custom:video-decoder-webm-vp8: 9c59270c3fd7afecdb556c50c9e8de78 -> 
  custom:audio-decoder-ogg-vorbis: bf7c407c2cedff20999df2af8eb42d56 -> 
  custom:audio-encoder-webm-vorbis: bf7c407c2cedff20999df2af8eb42d56 -> 
========================================================================
Received Import Request.
  path: Assets/2D/plusbutton.png
  artifactKey: Guid(d1513c32d09630c4586fd87a18eb64bc) Importer(815301076,1909f56bfc062723c751e8b465ee728b)
Start importing Assets/2D/plusbutton.png using Guid(d1513c32d09630c4586fd87a18eb64bc) Importer(815301076,1909f56bfc062723c751e8b465ee728b)  -> (artifact id: '016b30dedf33344ddcbfc3c2c2b59fd8') in 0.119976 seconds 
  Import took 0.122092 seconds .

========================================================================
Received Import Request.
  Time since last request: 0.000305 seconds.
  path: Assets/2D/BottomNavigationBarItems
  artifactKey: Guid(0ee4097ba0f21f84ba767d22c9299c1c) Importer(815301076,1909f56bfc062723c751e8b465ee728b)
Start importing Assets/2D/BottomNavigationBarItems using Guid(0ee4097ba0f21f84ba767d22c9299c1c) Importer(815301076,1909f56bfc062723c751e8b465ee728b)  -> (artifact id: '24ad29491036821cdb9cdea8764f1ef9') in 0.006802 seconds 
  Import took 0.008772 seconds .

========================================================================
Received Import Request.
  Time since last request: 0.000288 seconds.
  path: Assets/2D/button.png
  artifactKey: Guid(a3c59bb25dc8b9245bc001f6f2fbe712) Importer(815301076,1909f56bfc062723c751e8b465ee728b)
Start importing Assets/2D/button.png using Guid(a3c59bb25dc8b9245bc001f6f2fbe712) Importer(815301076,1909f56bfc062723c751e8b465ee728b)  -> (artifact id: '9ce61710988fc9a710930f03ad324a3b') in 0.019584 seconds 
  Import took 0.021747 seconds .

========================================================================
Received Import Request.
  Time since last request: 0.253723 seconds.
  path: Assets/2D/BottomNavigationBarItems/PorlandBottomNavigationBarItems
  artifactKey: Guid(4cc5da7d376acf345830a038becfab35) Importer(815301076,1909f56bfc062723c751e8b465ee728b)
Start importing Assets/2D/BottomNavigationBarItems/PorlandBottomNavigationBarItems using Guid(4cc5da7d376acf345830a038becfab35) Importer(815301076,1909f56bfc062723c751e8b465ee728b)  -> (artifact id: 'f360aef67f0ea31196f58a5103d7d343') in 0.007831 seconds 
  Import took 0.010526 seconds .

========================================================================
Received Import Request.
  Time since last request: 2.367721 seconds.
  path: Assets/2D/BottomNavigationBarItems/PorlandBottomNavigationBarItems/UnPressed
  artifactKey: Guid(b9cf7e8ac0661d14c9957fd8f49b63bc) Importer(815301076,1909f56bfc062723c751e8b465ee728b)
Start importing Assets/2D/BottomNavigationBarItems/PorlandBottomNavigationBarItems/UnPressed using Guid(b9cf7e8ac0661d14c9957fd8f49b63bc) Importer(815301076,1909f56bfc062723c751e8b465ee728b)  -> (artifact id: '9c7e0a337b38bcd4d0b1bc6428098f4f') in 0.007474 seconds 
  Import took 0.009543 seconds .

========================================================================
Received Import Request.
  Time since last request: 0.061435 seconds.
  path: Assets/2D/BottomNavigationBarItems/PorlandBottomNavigationBarItems/UnPressed/home3@3x.png
  artifactKey: Guid(a055617a9ea9cb946bdebf321193dc42) Importer(815301076,1909f56bfc062723c751e8b465ee728b)
Start importing Assets/2D/BottomNavigationBarItems/PorlandBottomNavigationBarItems/UnPressed/home3@3x.png using Guid(a055617a9ea9cb946bdebf321193dc42) Importer(815301076,1909f56bfc062723c751e8b465ee728b)  -> (artifact id: 'c5acd2cb8d2ea932aab305c445c425c4') in 0.012614 seconds 
  Import took 0.015183 seconds .

========================================================================
Received Import Request.
  Time since last request: 0.000322 seconds.
  path: Assets/2D/BottomNavigationBarItems/PorlandBottomNavigationBarItems/UnPressed/star@3x.png
  artifactKey: Guid(536f7f0b2794ba4498c884cbf5da842b) Importer(815301076,1909f56bfc062723c751e8b465ee728b)
Start importing Assets/2D/BottomNavigationBarItems/PorlandBottomNavigationBarItems/UnPressed/star@3x.png using Guid(536f7f0b2794ba4498c884cbf5da842b) Importer(815301076,1909f56bfc062723c751e8b465ee728b)  -> (artifact id: '898a19576da388e968811897b0fa1fd6') in 0.014141 seconds 
  Import took 0.017508 seconds .

========================================================================
Received Import Request.
  Time since last request: 0.000447 seconds.
  path: Assets/2D/BottomNavigationBarItems/PorlandBottomNavigationBarItems/UnPressed/more2@3x.png
  artifactKey: Guid(05fc63121c760c84e9d380fba6211596) Importer(815301076,1909f56bfc062723c751e8b465ee728b)
Start importing Assets/2D/BottomNavigationBarItems/PorlandBottomNavigationBarItems/UnPressed/more2@3x.png using Guid(05fc63121c760c84e9d380fba6211596) Importer(815301076,1909f56bfc062723c751e8b465ee728b)  -> (artifact id: 'af0f3bc0a720ec79c48119dce0db3a4c') in 0.013579 seconds 
  Import took 0.016410 seconds .

========================================================================
Received Import Request.
  Time since last request: 0.000349 seconds.
  path: Assets/2D/BottomNavigationBarItems/PorlandBottomNavigationBarItems/UnPressed/user5@3x.png
  artifactKey: Guid(f35bb942686b3e34fa5eeabe39198e8e) Importer(815301076,1909f56bfc062723c751e8b465ee728b)
Start importing Assets/2D/BottomNavigationBarItems/PorlandBottomNavigationBarItems/UnPressed/user5@3x.png using Guid(f35bb942686b3e34fa5eeabe39198e8e) Importer(815301076,1909f56bfc062723c751e8b465ee728b)  -> (artifact id: 'cdac6f0bcda3246e02ecfb7c15107664') in 0.014490 seconds 
  Import took 0.017296 seconds .

========================================================================
Received Import Request.
  Time since last request: 0.000420 seconds.
  path: Assets/2D/BottomNavigationBarItems/PorlandBottomNavigationBarItems/UnPressed/shoppingCart6@3x.png
  artifactKey: Guid(008820339c85dad49af9fde024aedc40) Importer(815301076,1909f56bfc062723c751e8b465ee728b)
Start importing Assets/2D/BottomNavigationBarItems/PorlandBottomNavigationBarItems/UnPressed/shoppingCart6@3x.png using Guid(008820339c85dad49af9fde024aedc40) Importer(815301076,1909f56bfc062723c751e8b465ee728b)  -> (artifact id: 'ed88d9d35419195cd844ca8585bdb85b') in 0.014331 seconds 
  Import took 0.016571 seconds .

========================================================================
Received Import Request.
  Time since last request: 954.982701 seconds.
  path: Assets/2D/HomeScreenImages/exotic.png
  artifactKey: Guid(8185b753ea3edaf47a3f3ead1351a9f9) Importer(815301076,1909f56bfc062723c751e8b465ee728b)
Start importing Assets/2D/HomeScreenImages/exotic.png using Guid(8185b753ea3edaf47a3f3ead1351a9f9) Importer(815301076,1909f56bfc062723c751e8b465ee728b)  -> (artifact id: '8f31dc14d3ecce8c6344106348d8d29a') in 0.021547 seconds 
  Import took 0.025124 seconds .

========================================================================
Received Import Request.
  Time since last request: 0.000308 seconds.
  path: Assets/2D/BottomNavigationBarItems/PorlandBottomNavigationBarItems/Pressed/more2@3x.png
  artifactKey: Guid(abd418e0f63dbb64696042247d6eb9a4) Importer(815301076,1909f56bfc062723c751e8b465ee728b)
Start importing Assets/2D/BottomNavigationBarItems/PorlandBottomNavigationBarItems/Pressed/more2@3x.png using Guid(abd418e0f63dbb64696042247d6eb9a4) Importer(815301076,1909f56bfc062723c751e8b465ee728b)  -> (artifact id: '89d9738ba83e0e610476e17b809b1f7d') in 0.034474 seconds 
  Import took 0.036622 seconds .

========================================================================
Received Import Request.
  Time since last request: 0.000319 seconds.
  path: Assets/2D/HomeScreenImages/HomeScreenBanner.jpg
  artifactKey: Guid(ac8313c6a7c25df4f9eaa6f67f6b63a2) Importer(815301076,1909f56bfc062723c751e8b465ee728b)
Start importing Assets/2D/HomeScreenImages/HomeScreenBanner.jpg using Guid(ac8313c6a7c25df4f9eaa6f67f6b63a2) Importer(815301076,1909f56bfc062723c751e8b465ee728b)  -> (artifact id: '3664cd1b1a05473d0393ec3a6f985874') in 0.024135 seconds 
  Import took 0.026510 seconds .

========================================================================
Received Import Request.
  Time since last request: 0.000279 seconds.
  path: Assets/2D/BottomNavigationBarItems/PorlandBottomNavigationBarItems/Pressed/user5@3x.png
  artifactKey: Guid(7666b5adc3ac3594a9ab190f616095c6) Importer(815301076,1909f56bfc062723c751e8b465ee728b)
Start importing Assets/2D/BottomNavigationBarItems/PorlandBottomNavigationBarItems/Pressed/user5@3x.png using Guid(7666b5adc3ac3594a9ab190f616095c6) Importer(815301076,1909f56bfc062723c751e8b465ee728b)  -> (artifact id: '617d95b2e6ed181589a2c18519636b4f') in 0.020211 seconds 
  Import took 0.022907 seconds .

========================================================================
Received Import Request.
  Time since last request: 0.000283 seconds.
  path: Assets/2D/BottomNavigationBarItems/PorlandBottomNavigationBarItems/Pressed/star@3x.png
  artifactKey: Guid(b92f6dc9c55050e4a96f901bd6faf7d6) Importer(815301076,1909f56bfc062723c751e8b465ee728b)
Start importing Assets/2D/BottomNavigationBarItems/PorlandBottomNavigationBarItems/Pressed/star@3x.png using Guid(b92f6dc9c55050e4a96f901bd6faf7d6) Importer(815301076,1909f56bfc062723c751e8b465ee728b)  -> (artifact id: 'efcb5529845aa71c549f3eb82d72137d') in 0.033398 seconds 
  Import took 0.035679 seconds .

========================================================================
Received Import Request.
  Time since last request: 0.000257 seconds.
  path: Assets/2D/BottomNavigationBarItems/PorlandBottomNavigationBarItems/Pressed/shoppingCart6@3x.png
  artifactKey: Guid(967ca92657b0a894e9b1d28a0c5d8c19) Importer(815301076,1909f56bfc062723c751e8b465ee728b)
Start importing Assets/2D/BottomNavigationBarItems/PorlandBottomNavigationBarItems/Pressed/shoppingCart6@3x.png using Guid(967ca92657b0a894e9b1d28a0c5d8c19) Importer(815301076,1909f56bfc062723c751e8b465ee728b)  -> (artifact id: '6fd76da5fd1c73ae724a3cef3accef78') in 0.021111 seconds 
  Import took 0.023185 seconds .

========================================================================
Received Import Request.
  Time since last request: 0.000317 seconds.
  path: Assets/2D/BottomNavigationBarItems/PorlandBottomNavigationBarItems/Pressed/home3@3x.png
  artifactKey: Guid(136b2e4805af86e4fad55e2695752408) Importer(815301076,1909f56bfc062723c751e8b465ee728b)
Start importing Assets/2D/BottomNavigationBarItems/PorlandBottomNavigationBarItems/Pressed/home3@3x.png using Guid(136b2e4805af86e4fad55e2695752408) Importer(815301076,1909f56bfc062723c751e8b465ee728b)  -> (artifact id: '4f9cdb12cd2975fed55acfd2610be29b') in 0.022140 seconds 
  Import took 0.024493 seconds .

========================================================================
Received Prepare
Registering precompiled user dll's ...
Registered in 0.003929 seconds.
Begin MonoManager ReloadAssembly
Native extension for WindowsStandalone target not found
Refreshing native plugins compatible for Editor in 0.27 ms, found 2 plugins.
Preloading 0 native plugins for Editor in 0.00 ms.
Mono: successfully reloaded assembly
- Completed reload, in  0.873 seconds
Domain Reload Profiling:
	ReloadAssembly (874ms)
		BeginReloadAssembly (98ms)
			ExecutionOrderSort (0ms)
			DisableScriptedObjects (4ms)
			BackupInstance (0ms)
			ReleaseScriptingObjects (0ms)
			CreateAndSetChildDomain (30ms)
		EndReloadAssembly (714ms)
			LoadAssemblies (77ms)
			RebuildTransferFunctionScriptingTraits (0ms)
			SetupTypeCache (239ms)
			ReleaseScriptCaches (1ms)
			RebuildScriptCaches (32ms)
			SetupLoadedEditorAssemblies (265ms)
				LogAssemblyErrors (0ms)
				InitializePlatformSupportModulesInManaged (4ms)
				SetLoadedEditorAssemblies (0ms)
				RefreshPlugins (0ms)
				BeforeProcessingInitializeOnLoad (64ms)
				ProcessInitializeOnLoadAttributes (185ms)
				ProcessInitializeOnLoadMethodAttributes (4ms)
				AfterProcessingInitializeOnLoad (8ms)
				EditorAssembliesLoaded (0ms)
			ExecutionOrderSort2 (0ms)
			AwakeInstancesAfterBackupRestoration (6ms)
Platform modules already initialized, skipping
Switching build target platform(19) subTarget(0) extendedPlatform(0) -> platform(13) subTarget(537395200) extendedPlatform(0)
Refreshing native plugins compatible for Editor in 0.30 ms, found 2 plugins.
Preloading 0 native plugins for Editor in 0.00 ms.
Unloading 1426 Unused Serialized files (Serialized files now loaded: 0)
System memory in use before: 68.7 MB.
System memory in use after: 68.8 MB.

Unloading 12 unused Assets to reduce memory usage. Loaded Objects now: 1886.
Total: 2.832400 ms (FindLiveObjects: 0.147200 ms CreateObjectMapping: 0.036800 ms MarkObjects: 2.633200 ms  DeleteObjects: 0.014400 ms)

AssetImportParameters requested are different than current active one (requested -> active):
  custom:framework-win-MediaFoundation: 216162199b28c13a410421893ffa2e32 -> 
  custom:video-decoder-ogg-theora: a1e56fd34408186e4bbccfd4996cb3dc -> 
  custom:container-muxer-webm: aa71ff27fc2769a1b78a27578f13a17b -> 
  custom:container-demuxer-webm: 4f35f7cbe854078d1ac9338744f61a02 -> 
  custom:container-demuxer-ogg: 62fdf1f143b41e24485cea50d1cbac27 -> 
  custom:video-encoder-webm-vp8: eb34c28f22e8b96e1ab97ce403110664 -> 
  custom:video-decoder-webm-vp8: 9c59270c3fd7afecdb556c50c9e8de78 -> 
  custom:graphics/normal-map-encoding: 01000000000000000000000000000000 -> 02000000000000000000000000000000
  custom:audio-decoder-ogg-vorbis: bf7c407c2cedff20999df2af8eb42d56 -> 
  custom:audio-encoder-webm-vorbis: bf7c407c2cedff20999df2af8eb42d56 -> 
========================================================================
Received Import Request.
  Time since last request: 306.495036 seconds.
  path: Assets/2D/HomeScreenImages/CarosuelImage.png
  artifactKey: Guid(35782695299b9f445946f7817f0301ba) Importer(815301076,1909f56bfc062723c751e8b465ee728b)
Start importing Assets/2D/HomeScreenImages/CarosuelImage.png using Guid(35782695299b9f445946f7817f0301ba) Importer(815301076,1909f56bfc062723c751e8b465ee728b)  -> (artifact id: '2f7c9fcb4a85163a3a0110785e19b81d') in 0.068018 seconds 
  Import took 0.070816 seconds .

========================================================================
Received Import Request.
  Time since last request: 0.000326 seconds.
  path: Assets/2D/CollectionScreen/CollectionScreenMainImage.png
  artifactKey: Guid(19485f9502e48b1448b2025a973a2c74) Importer(815301076,1909f56bfc062723c751e8b465ee728b)
Start importing Assets/2D/CollectionScreen/CollectionScreenMainImage.png using Guid(19485f9502e48b1448b2025a973a2c74) Importer(815301076,1909f56bfc062723c751e8b465ee728b)  -> (artifact id: 'a5c59c70517804cf166baf4042165ffc') in 0.028836 seconds 
  Import took 0.030882 seconds .

========================================================================
Received Prepare
Registering precompiled user dll's ...
Registered in 0.003612 seconds.
Begin MonoManager ReloadAssembly
Native extension for WindowsStandalone target not found
Refreshing native plugins compatible for Editor in 0.27 ms, found 2 plugins.
Preloading 0 native plugins for Editor in 0.00 ms.
Mono: successfully reloaded assembly
- Completed reload, in  0.889 seconds
Domain Reload Profiling:
	ReloadAssembly (889ms)
		BeginReloadAssembly (109ms)
			ExecutionOrderSort (0ms)
			DisableScriptedObjects (4ms)
			BackupInstance (0ms)
			ReleaseScriptingObjects (0ms)
			CreateAndSetChildDomain (29ms)
		EndReloadAssembly (724ms)
			LoadAssemblies (76ms)
			RebuildTransferFunctionScriptingTraits (0ms)
			SetupTypeCache (240ms)
			ReleaseScriptCaches (1ms)
			RebuildScriptCaches (33ms)
			SetupLoadedEditorAssemblies (270ms)
				LogAssemblyErrors (0ms)
				InitializePlatformSupportModulesInManaged (4ms)
				SetLoadedEditorAssemblies (0ms)
				RefreshPlugins (0ms)
				BeforeProcessingInitializeOnLoad (64ms)
				ProcessInitializeOnLoadAttributes (188ms)
				ProcessInitializeOnLoadMethodAttributes (4ms)
				AfterProcessingInitializeOnLoad (8ms)
				EditorAssembliesLoaded (0ms)
			ExecutionOrderSort2 (0ms)
			AwakeInstancesAfterBackupRestoration (7ms)
Platform modules already initialized, skipping
Switching build target platform(19) subTarget(0) extendedPlatform(0) -> platform(13) subTarget(537395200) extendedPlatform(0)
Refreshing native plugins compatible for Editor in 0.29 ms, found 2 plugins.
Preloading 0 native plugins for Editor in 0.00 ms.
Unloading 1426 Unused Serialized files (Serialized files now loaded: 0)
System memory in use before: 68.8 MB.
System memory in use after: 68.9 MB.

Unloading 12 unused Assets to reduce memory usage. Loaded Objects now: 1893.
Total: 2.946400 ms (FindLiveObjects: 0.199500 ms CreateObjectMapping: 0.060400 ms MarkObjects: 2.669900 ms  DeleteObjects: 0.015200 ms)

AssetImportParameters requested are different than current active one (requested -> active):
  custom:framework-win-MediaFoundation: 216162199b28c13a410421893ffa2e32 -> 
  custom:video-decoder-ogg-theora: a1e56fd34408186e4bbccfd4996cb3dc -> 
  custom:container-muxer-webm: aa71ff27fc2769a1b78a27578f13a17b -> 
  custom:container-demuxer-webm: 4f35f7cbe854078d1ac9338744f61a02 -> 
  custom:container-demuxer-ogg: 62fdf1f143b41e24485cea50d1cbac27 -> 
  custom:video-encoder-webm-vp8: eb34c28f22e8b96e1ab97ce403110664 -> 
  custom:video-decoder-webm-vp8: 9c59270c3fd7afecdb556c50c9e8de78 -> 
  custom:graphics/normal-map-encoding: 01000000000000000000000000000000 -> 02000000000000000000000000000000
  custom:audio-decoder-ogg-vorbis: bf7c407c2cedff20999df2af8eb42d56 -> 
  custom:audio-encoder-webm-vorbis: bf7c407c2cedff20999df2af8eb42d56 -> 
========================================================================
Received Prepare
Registering precompiled user dll's ...
Registered in 0.005222 seconds.
Begin MonoManager ReloadAssembly
Native extension for WindowsStandalone target not found
Refreshing native plugins compatible for Editor in 0.44 ms, found 2 plugins.
Preloading 0 native plugins for Editor in 0.00 ms.
Mono: successfully reloaded assembly
- Completed reload, in  1.371 seconds
Domain Reload Profiling:
	ReloadAssembly (1371ms)
		BeginReloadAssembly (158ms)
			ExecutionOrderSort (0ms)
			DisableScriptedObjects (8ms)
			BackupInstance (0ms)
			ReleaseScriptingObjects (0ms)
			CreateAndSetChildDomain (44ms)
		EndReloadAssembly (1103ms)
			LoadAssemblies (124ms)
			RebuildTransferFunctionScriptingTraits (0ms)
			SetupTypeCache (477ms)
			ReleaseScriptCaches (1ms)
			RebuildScriptCaches (61ms)
			SetupLoadedEditorAssemblies (305ms)
				LogAssemblyErrors (0ms)
				InitializePlatformSupportModulesInManaged (6ms)
				SetLoadedEditorAssemblies (1ms)
				RefreshPlugins (1ms)
				BeforeProcessingInitializeOnLoad (80ms)
				ProcessInitializeOnLoadAttributes (204ms)
				ProcessInitializeOnLoadMethodAttributes (4ms)
				AfterProcessingInitializeOnLoad (9ms)
				EditorAssembliesLoaded (0ms)
			ExecutionOrderSort2 (0ms)
			AwakeInstancesAfterBackupRestoration (7ms)
Platform modules already initialized, skipping
Switching build target platform(19) subTarget(0) extendedPlatform(0) -> platform(13) subTarget(537395200) extendedPlatform(0)
Refreshing native plugins compatible for Editor in 0.28 ms, found 2 plugins.
Preloading 0 native plugins for Editor in 0.00 ms.
Unloading 1426 Unused Serialized files (Serialized files now loaded: 0)
System memory in use before: 68.8 MB.
System memory in use after: 68.9 MB.

Unloading 12 unused Assets to reduce memory usage. Loaded Objects now: 1895.
Total: 3.012400 ms (FindLiveObjects: 0.172600 ms CreateObjectMapping: 0.039000 ms MarkObjects: 2.779200 ms  DeleteObjects: 0.020300 ms)

AssetImportParameters requested are different than current active one (requested -> active):
  custom:framework-win-MediaFoundation: 216162199b28c13a410421893ffa2e32 -> 
  custom:video-decoder-ogg-theora: a1e56fd34408186e4bbccfd4996cb3dc -> 
  custom:container-muxer-webm: aa71ff27fc2769a1b78a27578f13a17b -> 
  custom:container-demuxer-webm: 4f35f7cbe854078d1ac9338744f61a02 -> 
  custom:container-demuxer-ogg: 62fdf1f143b41e24485cea50d1cbac27 -> 
  custom:video-encoder-webm-vp8: eb34c28f22e8b96e1ab97ce403110664 -> 
  custom:video-decoder-webm-vp8: 9c59270c3fd7afecdb556c50c9e8de78 -> 
  custom:graphics/normal-map-encoding: 01000000000000000000000000000000 -> 02000000000000000000000000000000
  custom:audio-decoder-ogg-vorbis: bf7c407c2cedff20999df2af8eb42d56 -> 
  custom:audio-encoder-webm-vorbis: bf7c407c2cedff20999df2af8eb42d56 -> 
========================================================================
Received Prepare
Registering precompiled user dll's ...
Registered in 0.003735 seconds.
Begin MonoManager ReloadAssembly
Native extension for WindowsStandalone target not found
Refreshing native plugins compatible for Editor in 0.31 ms, found 2 plugins.
Preloading 0 native plugins for Editor in 0.00 ms.
Mono: successfully reloaded assembly
- Completed reload, in  0.997 seconds
Domain Reload Profiling:
	ReloadAssembly (997ms)
		BeginReloadAssembly (106ms)
			ExecutionOrderSort (0ms)
			DisableScriptedObjects (5ms)
			BackupInstance (0ms)
			ReleaseScriptingObjects (0ms)
			CreateAndSetChildDomain (32ms)
		EndReloadAssembly (826ms)
			LoadAssemblies (84ms)
			RebuildTransferFunctionScriptingTraits (0ms)
			SetupTypeCache (272ms)
			ReleaseScriptCaches (1ms)
			RebuildScriptCaches (35ms)
			SetupLoadedEditorAssemblies (307ms)
				LogAssemblyErrors (0ms)
				InitializePlatformSupportModulesInManaged (5ms)
				SetLoadedEditorAssemblies (0ms)
				RefreshPlugins (0ms)
				BeforeProcessingInitializeOnLoad (90ms)
				ProcessInitializeOnLoadAttributes (201ms)
				ProcessInitializeOnLoadMethodAttributes (4ms)
				AfterProcessingInitializeOnLoad (7ms)
				EditorAssembliesLoaded (0ms)
			ExecutionOrderSort2 (0ms)
			AwakeInstancesAfterBackupRestoration (6ms)
Platform modules already initialized, skipping
Switching build target platform(19) subTarget(0) extendedPlatform(0) -> platform(13) subTarget(537395200) extendedPlatform(0)
Refreshing native plugins compatible for Editor in 0.28 ms, found 2 plugins.
Preloading 0 native plugins for Editor in 0.00 ms.
Unloading 1426 Unused Serialized files (Serialized files now loaded: 0)
System memory in use before: 68.8 MB.
System memory in use after: 68.9 MB.

Unloading 12 unused Assets to reduce memory usage. Loaded Objects now: 1897.
Total: 2.898500 ms (FindLiveObjects: 0.142000 ms CreateObjectMapping: 0.038000 ms MarkObjects: 2.700900 ms  DeleteObjects: 0.016500 ms)

AssetImportParameters requested are different than current active one (requested -> active):
  custom:framework-win-MediaFoundation: 216162199b28c13a410421893ffa2e32 -> 
  custom:video-decoder-ogg-theora: a1e56fd34408186e4bbccfd4996cb3dc -> 
  custom:container-muxer-webm: aa71ff27fc2769a1b78a27578f13a17b -> 
  custom:container-demuxer-webm: 4f35f7cbe854078d1ac9338744f61a02 -> 
  custom:container-demuxer-ogg: 62fdf1f143b41e24485cea50d1cbac27 -> 
  custom:video-encoder-webm-vp8: eb34c28f22e8b96e1ab97ce403110664 -> 
  custom:video-decoder-webm-vp8: 9c59270c3fd7afecdb556c50c9e8de78 -> 
  custom:graphics/normal-map-encoding: 01000000000000000000000000000000 -> 02000000000000000000000000000000
  custom:audio-decoder-ogg-vorbis: bf7c407c2cedff20999df2af8eb42d56 -> 
  custom:audio-encoder-webm-vorbis: bf7c407c2cedff20999df2af8eb42d56 -> 
========================================================================
Received Prepare
Registering precompiled user dll's ...
Registered in 0.003573 seconds.
Begin MonoManager ReloadAssembly
Native extension for WindowsStandalone target not found
Refreshing native plugins compatible for Editor in 0.28 ms, found 2 plugins.
Preloading 0 native plugins for Editor in 0.00 ms.
Mono: successfully reloaded assembly
- Completed reload, in  0.888 seconds
Domain Reload Profiling:
	ReloadAssembly (889ms)
		BeginReloadAssembly (96ms)
			ExecutionOrderSort (0ms)
			DisableScriptedObjects (4ms)
			BackupInstance (0ms)
			ReleaseScriptingObjects (0ms)
			CreateAndSetChildDomain (29ms)
		EndReloadAssembly (738ms)
			LoadAssemblies (76ms)
			RebuildTransferFunctionScriptingTraits (0ms)
			SetupTypeCache (240ms)
			ReleaseScriptCaches (1ms)
			RebuildScriptCaches (31ms)
			SetupLoadedEditorAssemblies (274ms)
				LogAssemblyErrors (0ms)
				InitializePlatformSupportModulesInManaged (4ms)
				SetLoadedEditorAssemblies (0ms)
				RefreshPlugins (0ms)
				BeforeProcessingInitializeOnLoad (66ms)
				ProcessInitializeOnLoadAttributes (192ms)
				ProcessInitializeOnLoadMethodAttributes (4ms)
				AfterProcessingInitializeOnLoad (7ms)
				EditorAssembliesLoaded (0ms)
			ExecutionOrderSort2 (0ms)
			AwakeInstancesAfterBackupRestoration (6ms)
Platform modules already initialized, skipping
Switching build target platform(19) subTarget(0) extendedPlatform(0) -> platform(13) subTarget(537395200) extendedPlatform(0)
Refreshing native plugins compatible for Editor in 0.26 ms, found 2 plugins.
Preloading 0 native plugins for Editor in 0.00 ms.
Unloading 1426 Unused Serialized files (Serialized files now loaded: 0)
System memory in use before: 68.8 MB.
System memory in use after: 68.9 MB.

Unloading 12 unused Assets to reduce memory usage. Loaded Objects now: 1899.
Total: 2.706300 ms (FindLiveObjects: 0.142300 ms CreateObjectMapping: 0.039300 ms MarkObjects: 2.509800 ms  DeleteObjects: 0.013800 ms)

AssetImportParameters requested are different than current active one (requested -> active):
  custom:framework-win-MediaFoundation: 216162199b28c13a410421893ffa2e32 -> 
  custom:video-decoder-ogg-theora: a1e56fd34408186e4bbccfd4996cb3dc -> 
  custom:container-muxer-webm: aa71ff27fc2769a1b78a27578f13a17b -> 
  custom:container-demuxer-webm: 4f35f7cbe854078d1ac9338744f61a02 -> 
  custom:container-demuxer-ogg: 62fdf1f143b41e24485cea50d1cbac27 -> 
  custom:video-encoder-webm-vp8: eb34c28f22e8b96e1ab97ce403110664 -> 
  custom:video-decoder-webm-vp8: 9c59270c3fd7afecdb556c50c9e8de78 -> 
  custom:graphics/normal-map-encoding: 01000000000000000000000000000000 -> 02000000000000000000000000000000
  custom:audio-decoder-ogg-vorbis: bf7c407c2cedff20999df2af8eb42d56 -> 
  custom:audio-encoder-webm-vorbis: bf7c407c2cedff20999df2af8eb42d56 -> 
AssetImportWorkerClient::OnTransportError - code=2 error=End of file
